<?xml version="1.0" encoding="UTF-8"?>
<!-- Generated by org.testng.reporters.JUnitXMLReporter -->
<testsuite ignored="0" hostname="LAPTOP-3N95FSOV" failures="1" tests="5" name="Test" time="19.469" errors="0" timestamp="2026-04-28T10:07:31 IST">
  <testcase classname="logcreation.DashboardTests" name="loginTest" time="2.294"/>
  <testcase classname="logcreation.testlogcreation" name="validlogincheck" time="2.245"/>
  <testcase classname="logcreation.tutorialLogin" name="invalid_login" time="2.375"/>
  <testcase classname="logcreation.tutorialLogin" name="invalid_login" time="1.731"/>
  <testcase classname="logcreation.tutorialLogin" name="searchInvalid" time="0.0">
    <failure type="org.testng.TestNGException" message="
Parameter &amp;apos;InvalidKeyword&amp;apos; is required by @Test on method searchInvalid but has not been marked @Optional or defined
in C:\Users\Krishnaprasath\git\repository2\logsselenium\testng.xml">
      <![CDATA[org.testng.TestNGException: 
Parameter 'InvalidKeyword' is required by @Test on method searchInvalid but has not been marked @Optional or defined
in C:\Users\Krishnaprasath\git\repository2\logsselenium\testng.xml
at java.base/java.util.ArrayList.forEach(ArrayList.java:1597)
... Removed 26 stack frames]]>
    </failure>
  </testcase> <!-- searchInvalid -->
</testsuite> <!-- Test -->
