<?xml version="1.0" encoding="UTF-8"?>
<!-- Generated by org.testng.reporters.JUnitXMLReporter -->
<testsuite ignored="2" hostname="VIGNESHWARAN" failures="1" tests="3" name="Default test(failed)" time="11.781" errors="0" timestamp="2026-04-22T14:12:46 IST">
  <testcase classname="test.TutorialNinja" name="validLoginTest" time="1.661"/>
  <testcase classname="test.TutorialNinja" name="validLoginTest" time="1.762"/>
  <testcase classname="test.TutorialNinja" name="searchTestWithValidDataSet" time="0.409">
    <failure type="java.lang.AssertionError" message="expected [true] but found [false]">
      <![CDATA[java.lang.AssertionError: expected [true] but found [false]
at test.TutorialNinja.searchTestWithValidDataSet(TutorialNinja.java:100)
at java.base/java.util.ArrayList.forEach(ArrayList.java:1511)
... Removed 31 stack frames]]>
    </failure>
  </testcase> <!-- searchTestWithValidDataSet -->
  <testcase classname="test.TutorialNinja" name="searchTestWithInvalidDataSet" time="0.0">
    <ignored/>
  </testcase> <!-- searchTestWithInvalidDataSet -->
  <testcase classname="test.TutorialNinja" name="invalidLoginTest" time="0.0">
    <ignored/>
  </testcase> <!-- invalidLoginTest -->
</testsuite> <!-- Default test(failed) -->
