<?xml version="1.0" encoding="UTF-8"?>
<testng-results ignored="0" total="2" passed="2" failed="0" skipped="0">
  <reporter-output>
  </reporter-output>
  <suite started-at="2026-04-28T12:49:38 IST" name="Suite" finished-at="2026-04-28T12:50:17 IST" duration-ms="39010">
    <groups>
    </groups>
    <test started-at="2026-04-28T12:49:38 IST" name="Test" finished-at="2026-04-28T12:50:17 IST" duration-ms="39010">
      <class name="com.tests.DashboardTest">
        <test-method is-config="true" signature="setup()[pri:0, instance:com.tests.DashboardTest@3d285d7e]" started-at="2026-04-28T12:49:38 IST" name="setup" finished-at="2026-04-28T12:49:47 IST" duration-ms="9625" status="PASS">
          <reporter-output>
          </reporter-output>
        </test-method> <!-- setup -->
        <test-method signature="DashboardTest()[pri:0, instance:com.tests.DashboardTest@3d285d7e]" started-at="2026-04-28T12:49:47 IST" name="DashboardTest" finished-at="2026-04-28T12:50:04 IST" duration-ms="16466" status="PASS">
          <reporter-output>
          </reporter-output>
        </test-method> <!-- DashboardTest -->
        <test-method is-config="true" signature="close()[pri:0, instance:com.tests.DashboardTest@3d285d7e]" started-at="2026-04-28T12:50:04 IST" name="close" finished-at="2026-04-28T12:50:04 IST" duration-ms="192" status="PASS">
          <reporter-output>
          </reporter-output>
        </test-method> <!-- close -->
      </class> <!-- com.tests.DashboardTest -->
      <class name="com.tests.LoginTest">
        <test-method is-config="true" signature="setup()[pri:0, instance:com.tests.LoginTest@1c1bbc4e]" started-at="2026-04-28T12:50:04 IST" name="setup" finished-at="2026-04-28T12:50:12 IST" duration-ms="8419" status="PASS">
          <reporter-output>
          </reporter-output>
        </test-method> <!-- setup -->
        <test-method signature="LoginTest()[pri:0, instance:com.tests.LoginTest@1c1bbc4e]" started-at="2026-04-28T12:50:12 IST" name="LoginTest" finished-at="2026-04-28T12:50:16 IST" duration-ms="4130" status="PASS">
          <reporter-output>
          </reporter-output>
        </test-method> <!-- LoginTest -->
        <test-method is-config="true" signature="close()[pri:0, instance:com.tests.LoginTest@1c1bbc4e]" started-at="2026-04-28T12:50:16 IST" name="close" finished-at="2026-04-28T12:50:17 IST" duration-ms="121" status="PASS">
          <reporter-output>
          </reporter-output>
        </test-method> <!-- close -->
      </class> <!-- com.tests.LoginTest -->
    </test> <!-- Test -->
  </suite> <!-- Suite -->
</testng-results>
