<?xml version="1.0" encoding="UTF-8"?>
<!-- Generated by org.testng.reporters.JUnitXMLReporter -->
<testsuite ignored="0" hostname="VIGNESHWARAN" failures="0" tests="12" name="Test" time="31.617" errors="0" timestamp="2026-04-20T11:00:05 IST">
  <testcase classname="practice.SequenceCheck" name="b" time="0.019"/>
  <testcase classname="practice.SequenceCheck" name="c" time="0.004"/>
  <testcase classname="practice.SequenceCheck" name="a" time="0.001"/>
  <testcase classname="practice.SoftAssertionExample" name="invalidLoginTestWithWrongPassword" time="2.27"/>
  <testcase classname="practice.SoftAssertionExample" name="invalidLoginTestWithWrongUsername" time="1.882"/>
  <testcase classname="practice.SoftAssertionExample" name="loginTest" time="3.303"/>
  <testcase classname="practice.HierarchyCheck" name="d" time="0.008"/>
  <testcase classname="practice.HierarchyCheck" name="f" time="0.012"/>
  <testcase classname="practice.NewTest" name="invalidLoginTestWithWrongPassword" time="3.01"/>
  <testcase classname="practice.NewTest" name="invalidLoginTestWithWrongUsername" time="2.603"/>
  <testcase classname="practice.NewTest" name="loginTest" time="8.878"/>
  <testcase classname="practice.AssertExample" name="f" time="0.0"/>
</testsuite> <!-- Test -->
