<?xml version="1.0" encoding="UTF-8"?>
<!-- Generated by org.testng.reporters.JUnitXMLReporter -->
<testsuite ignored="3" hostname="VIGNESHWARAN" failures="0" tests="0" name="Default test(failed)(failed)" time="0.85" errors="0" timestamp="2026-04-22T14:28:54 IST">
  <testcase classname="test.TutorialNinja" name="validLoginTest" time="0.0">
    <ignored/>
  </testcase> <!-- validLoginTest -->
  <testcase classname="test.TutorialNinja" name="searchTestWithInvalidDataSet" time="0.0">
    <ignored/>
  </testcase> <!-- searchTestWithInvalidDataSet -->
  <testcase classname="test.TutorialNinja" name="invalidLoginTest" time="0.0">
    <ignored/>
  </testcase> <!-- invalidLoginTest -->
</testsuite> <!-- Default test(failed)(failed) -->
