<?xml version="1.0" encoding="UTF-8"?>
<!-- Generated by org.testng.reporters.JUnitXMLReporter -->
<testsuite ignored="0" hostname="LAPTOP-3N95FSOV" failures="0" tests="3" name="Default test" time="14.242" errors="0" timestamp="2026-04-17T16:23:48 IST">
  <testcase classname="automation_with_testNg.soft_assertion_demo" name="loginCheck" time="2.178"/>
  <testcase classname="automation_with_testNg.soft_assertion_demo" name="loginCheckInValPass" time="1.474"/>
  <testcase classname="automation_with_testNg.soft_assertion_demo" name="loginCheckInValUserName" time="1.445"/>
</testsuite> <!-- Default test -->
