<?xml version="1.0" encoding="UTF-8"?>
<!-- Generated by org.testng.reporters.JUnitXMLReporter -->
<testsuite ignored="0" hostname="LAPTOP-3N95FSOV" failures="0" tests="4" name="Default test" time="17.32" errors="0" timestamp="2026-04-17T12:31:05 IST">
  <testcase classname="automation_with_testNg.NewTest" name="invalidtest" time="0.58"/>
  <testcase classname="automation_with_testNg.NewTest" name="invalidtest1" time="0.677"/>
  <testcase classname="automation_with_testNg.NewTest" name="validlogincheck" time="2.367"/>
  <testcase classname="automation_with_testNg.NewTest" name="groupscheck" time="0.003"/>
</testsuite> <!-- Default test -->
