<?xml version="1.0" encoding="UTF-8"?>
<testng-results ignored="0" total="2" passed="2" failed="0" skipped="0">
  <reporter-output>
  </reporter-output>
  <suite started-at="2026-04-28T16:30:17 IST" name="Suite" finished-at="2026-04-28T16:30:32 IST" duration-ms="14278">
    <groups>
    </groups>
    <test started-at="2026-04-28T16:30:17 IST" name="Test" finished-at="2026-04-28T16:30:32 IST" duration-ms="14278">
      <class name="com.tests.DashboardTest">
        <test-method is-config="true" signature="setup()[pri:0, instance:com.tests.DashboardTest@2205a05d]" started-at="2026-04-28T16:30:18 IST" name="setup" finished-at="2026-04-28T16:30:24 IST" duration-ms="6098" status="PASS">
          <reporter-output>
          </reporter-output>
        </test-method> <!-- setup -->
        <test-method signature="DashboardTest()[pri:0, instance:com.tests.DashboardTest@2205a05d]" started-at="2026-04-28T16:30:24 IST" name="DashboardTest" finished-at="2026-04-28T16:30:27 IST" duration-ms="3016" status="PASS">
          <reporter-output>
          </reporter-output>
        </test-method> <!-- DashboardTest -->
        <test-method is-config="true" signature="close()[pri:0, instance:com.tests.DashboardTest@2205a05d]" started-at="2026-04-28T16:30:27 IST" name="close" finished-at="2026-04-28T16:30:27 IST" duration-ms="101" status="PASS">
          <reporter-output>
          </reporter-output>
        </test-method> <!-- close -->
      </class> <!-- com.tests.DashboardTest -->
      <class name="com.tests.LoginTest">
        <test-method is-config="true" signature="setup()[pri:0, instance:com.tests.LoginTest@4ef782af]" started-at="2026-04-28T16:30:27 IST" name="setup" finished-at="2026-04-28T16:30:31 IST" duration-ms="4098" status="PASS">
          <reporter-output>
          </reporter-output>
        </test-method> <!-- setup -->
        <test-method signature="LoginTest()[pri:0, instance:com.tests.LoginTest@4ef782af]" started-at="2026-04-28T16:30:31 IST" name="LoginTest" finished-at="2026-04-28T16:30:32 IST" duration-ms="809" status="PASS">
          <reporter-output>
          </reporter-output>
        </test-method> <!-- LoginTest -->
        <test-method is-config="true" signature="close()[pri:0, instance:com.tests.LoginTest@4ef782af]" started-at="2026-04-28T16:30:32 IST" name="close" finished-at="2026-04-28T16:30:32 IST" duration-ms="104" status="PASS">
          <reporter-output>
          </reporter-output>
        </test-method> <!-- close -->
      </class> <!-- com.tests.LoginTest -->
    </test> <!-- Test -->
  </suite> <!-- Suite -->
</testng-results>
