<?xml version="1.0" encoding="UTF-8"?>
<testng-results ignored="0" total="1" passed="1" failed="0" skipped="0">
  <reporter-output>
  </reporter-output>
  <suite started-at="2026-04-22T14:35:48 IST" name="Failed suite [Default suite]" finished-at="2026-04-22T14:35:56 IST" duration-ms="8300">
    <groups>
    </groups>
    <test started-at="2026-04-22T14:35:48 IST" name="Default test(failed)" finished-at="2026-04-22T14:35:56 IST" duration-ms="8300">
      <class name="logcreation.testlogcreation">
        <test-method is-config="true" signature="setup()[pri:0, instance:logcreation.testlogcreation@1e097d59]" started-at="2026-04-22T14:35:48 IST" name="setup" finished-at="2026-04-22T14:35:53 IST" duration-ms="4925" status="PASS">
          <reporter-output>
          </reporter-output>
        </test-method> <!-- setup -->
        <test-method signature="validlogincheck()[pri:0, instance:logcreation.testlogcreation@1e097d59]" started-at="2026-04-22T14:35:53 IST" name="validlogincheck" finished-at="2026-04-22T14:35:56 IST" duration-ms="3100" status="PASS">
          <reporter-output>
          </reporter-output>
        </test-method> <!-- validlogincheck -->
        <test-method is-config="true" signature="close()[pri:0, instance:logcreation.testlogcreation@1e097d59]" started-at="2026-04-22T14:35:56 IST" name="close" finished-at="2026-04-22T14:35:56 IST" duration-ms="232" status="PASS">
          <reporter-output>
          </reporter-output>
        </test-method> <!-- close -->
      </class> <!-- logcreation.testlogcreation -->
    </test> <!-- Default test(failed) -->
  </suite> <!-- Failed suite [Default suite] -->
</testng-results>
