<?xml version="1.0" encoding="UTF-8"?>
<testng-results ignored="0" total="1" passed="1" failed="0" skipped="0">
  <reporter-output>
  </reporter-output>
  <suite started-at="2026-04-22T12:08:59 IST" name="Default suite" finished-at="2026-04-22T12:09:06 IST" duration-ms="7163">
    <groups>
    </groups>
    <test started-at="2026-04-22T12:08:59 IST" name="Default test" finished-at="2026-04-22T12:09:06 IST" duration-ms="7163">
      <class name="logcreation.testlogcreation">
        <test-method is-config="true" signature="setup()[pri:0, instance:logcreation.testlogcreation@3cdf2c61]" started-at="2026-04-22T12:08:59 IST" name="setup" finished-at="2026-04-22T12:09:04 IST" duration-ms="4295" status="PASS">
          <reporter-output>
          </reporter-output>
        </test-method> <!-- setup -->
        <test-method signature="validlogincheck()[pri:0, instance:logcreation.testlogcreation@3cdf2c61]" started-at="2026-04-22T12:09:04 IST" name="validlogincheck" finished-at="2026-04-22T12:09:06 IST" duration-ms="2424" status="PASS">
          <reporter-output>
          </reporter-output>
        </test-method> <!-- validlogincheck -->
        <test-method is-config="true" signature="close()[pri:0, instance:logcreation.testlogcreation@3cdf2c61]" started-at="2026-04-22T12:09:06 IST" name="close" finished-at="2026-04-22T12:09:06 IST" duration-ms="392" status="PASS">
          <reporter-output>
          </reporter-output>
        </test-method> <!-- close -->
      </class> <!-- logcreation.testlogcreation -->
    </test> <!-- Default test -->
  </suite> <!-- Default suite -->
</testng-results>
