<?xml version="1.0" encoding="UTF-8"?>
<testng-results ignored="3" total="3" passed="0" failed="0" skipped="0">
  <reporter-output>
  </reporter-output>
  <suite started-at="2026-04-22T14:28:53 IST" name="Failed suite [Failed suite [Default suite]]" finished-at="2026-04-22T14:28:54 IST" duration-ms="850">
    <groups>
    </groups>
    <test started-at="2026-04-22T14:28:53 IST" name="Default test(failed)(failed)" finished-at="2026-04-22T14:28:54 IST" duration-ms="850">
    </test> <!-- Default test(failed)(failed) -->
  </suite> <!-- Failed suite [Failed suite [Default suite]] -->
</testng-results>
