<?xml version="1.0" encoding="UTF-8"?>
<!-- Generated by org.testng.reporters.JUnitXMLReporter -->
<testsuite ignored="0" hostname="VIGNESHWARAN" failures="0" tests="10" name="Default test" time="36.765" errors="0" timestamp="2026-04-22T11:33:45 IST">
  <testcase classname="test.TutorialNinja" name="invalidLoginTest" time="1.696"/>
  <testcase classname="test.TutorialNinja" name="invalidLoginTest" time="1.541"/>
  <testcase classname="test.TutorialNinja" name="searchTestWithInvalidDataSet" time="0.472"/>
  <testcase classname="test.TutorialNinja" name="searchTestWithInvalidDataSet" time="0.475"/>
  <testcase classname="test.TutorialNinja" name="searchTestWithInvalidDataSet" time="0.342"/>
  <testcase classname="test.TutorialNinja" name="searchTestWithValidDataSet" time="0.471"/>
  <testcase classname="test.TutorialNinja" name="searchTestWithValidDataSet" time="0.821"/>
  <testcase classname="test.TutorialNinja" name="searchTestWithValidDataSet" time="0.904"/>
  <testcase classname="test.TutorialNinja" name="validLoginTest" time="2.697"/>
  <testcase classname="test.TutorialNinja" name="validLoginTest" time="1.591"/>
</testsuite> <!-- Default test -->
