<?xml version="1.0" encoding="UTF-8"?>
<!-- Generated by org.testng.reporters.JUnitReportReporter -->
<testsuite hostname="LAPTOP-3N95FSOV" failures="0" tests="3" name="automation_with_testNg.NewTest" time="18.787" errors="0" timestamp="2026-04-17T15:53:23 IST" skipped="0">
  <testcase classname="automation_with_testNg.NewTest" name="loginCheck" time="5.395"/>
  <testcase classname="automation_with_testNg.NewTest" name="loginCheckInValPass" time="4.212"/>
  <testcase classname="automation_with_testNg.NewTest" name="loginCheckInValUserName" time="9.180"/>
</testsuite> <!-- automation_with_testNg.NewTest -->
