<?xml version="1.0" encoding="UTF-8"?>
<!-- Generated by org.testng.reporters.JUnitReportReporter -->
<testsuite hostname="LAPTOP-3N95FSOV" failures="0" tests="3" name="automation_with_testNg.soft_assertion_demo" time="14.183" errors="0" timestamp="2026-04-17T16:23:49 IST" skipped="0">
  <testcase classname="automation_with_testNg.soft_assertion_demo" name="loginCheckInValPass" time="4.435"/>
  <testcase classname="automation_with_testNg.soft_assertion_demo" name="loginCheck" time="5.844"/>
  <testcase classname="automation_with_testNg.soft_assertion_demo" name="loginCheckInValUserName" time="3.904"/>
</testsuite> <!-- automation_with_testNg.soft_assertion_demo -->
