<?xml version="1.0" encoding="UTF-8"?>
<!-- Generated by org.testng.reporters.JUnitReportReporter -->
<testsuite hostname="VIGNESHWARAN" failures="0" tests="3" name="practice.NewTest" time="15.869" errors="0" timestamp="2026-04-20T11:00:06 IST" skipped="0">
  <testcase classname="practice.NewTest" name="invalidLoginTestWithWrongPassword" time="3.502"/>
  <testcase classname="practice.NewTest" name="loginTest" time="9.175"/>
  <testcase classname="practice.NewTest" name="invalidLoginTestWithWrongUsername" time="3.192"/>
</testsuite> <!-- practice.NewTest -->
