<?xml version="1.0" encoding="UTF-8"?>
<!-- Generated by org.testng.reporters.JUnitReportReporter -->
<testsuite hostname="VIGNESHWARAN" failures="0" tests="3" name="practice.SequenceCheck" time="0.024" errors="0" timestamp="2026-04-20T11:00:06 IST" skipped="0">
  <testcase classname="practice.SequenceCheck" name="b" time="0.019"/>
  <testcase classname="practice.SequenceCheck" name="c" time="0.004"/>
  <testcase classname="practice.SequenceCheck" name="a" time="0.001"/>
</testsuite> <!-- practice.SequenceCheck -->
