<?xml version="1.0" encoding="UTF-8"?>
<!-- Generated by org.testng.reporters.JUnitReportReporter -->
<testsuite hostname="VIGNESHWARAN" failures="0" tests="3" name="practice.SoftAssertionExample" time="9.674" errors="0" timestamp="2026-04-20T11:00:06 IST" skipped="0">
  <testcase classname="practice.SoftAssertionExample" name="invalidLoginTestWithWrongPassword" time="2.561"/>
  <testcase classname="practice.SoftAssertionExample" name="invalidLoginTestWithWrongUsername" time="3.479"/>
  <testcase classname="practice.SoftAssertionExample" name="loginTest" time="3.634"/>
</testsuite> <!-- practice.SoftAssertionExample -->
