<?xml version="1.0" encoding="UTF-8"?>
<!-- Generated by org.testng.reporters.JUnitXMLReporter -->
<testsuite ignored="3" hostname="LAPTOP-3N95FSOV" failures="1" tests="1" name="Test" time="0.119" errors="0" timestamp="2026-04-17T12:32:45 IST">
  <testcase classname="automation_with_testNg.NewTest" name="validlogincheck" time="0.028">
    <failure type="java.lang.NullPointerException" message="Cannot invoke &amp;quot;org.openqa.selenium.WebDriver.findElement(org.openqa.selenium.By)&amp;quot; because &amp;quot;this.driver&amp;quot; is null">
      <![CDATA[java.lang.NullPointerException: Cannot invoke "org.openqa.selenium.WebDriver.findElement(org.openqa.selenium.By)" because "this.driver" is null
at automation_with_testNg.NewTest.validlogincheck(NewTest.java:30)
at java.base/java.util.ArrayList.forEach(ArrayList.java:1597)
... Removed 25 stack frames]]>
    </failure>
  </testcase> <!-- validlogincheck -->
  <testcase classname="automation_with_testNg.NewTest" name="invalidtest1" time="0.0">
    <ignored/>
  </testcase> <!-- invalidtest1 -->
  <testcase classname="automation_with_testNg.NewTest" name="groupscheck" time="0.0">
    <ignored/>
  </testcase> <!-- groupscheck -->
  <testcase classname="automation_with_testNg.NewTest" name="invalidtest" time="0.0">
    <ignored/>
  </testcase> <!-- invalidtest -->
</testsuite> <!-- Test -->
